  Moc'ing DigitalMapForWHU.h...
  Moc'ing LineWidget.h...
  Moc'ing AddressDlg.h...
  Moc'ing QueryDlg.h...
  Moc'ing QueryInformation.h...
  Moc'ing RouteDlg.h...
  Moc'ing Supermarket.h...
  Rcc'ing DigitalMapForWHU.qrc...
  Uic'ing DigitalMapForWHU.ui...
  Uic'ing QueryDlg.ui...
  Uic'ing QueryInformation.ui...
  Uic'ing RouteDlg.ui...
  Uic'ing AddressDlg.ui...
  Uic'ing Supermarket.ui...
  AddressDlg.cpp
  DigitalMapForWHU.cpp
  moc_AddressDlg.cpp
  moc_DigitalMapForWHU.cpp
  moc_LineWidget.cpp
  moc_QueryDlg.cpp
  moc_QueryInformation.cpp
  moc_RouteDlg.cpp
  moc_Supermarket.cpp
  Initialization.cpp
  LineWidget.cpp
  main.cpp
  matgraph.cpp
  QueryDlg.cpp
  QueryInformation.cpp
  RouteDlg.cpp
  Supermarket.cpp
  vertex.cpp
  正在生成代码...
  qrc_DigitalMapForWHU.cpp
  QtGuiApplication3.vcxproj -> H:\文档\Visual Studio 2017\Projects\DigitalMapForWHU\x64\Debug\QtGuiApplication3.exe
  QtGuiApplication3.vcxproj -> H:\文档\Visual Studio 2017\Projects\DigitalMapForWHU\x64\Debug\QtGuiApplication3.pdb (Full PDB)
